0 info it worked if it ends with ok
1 verbose cli [ '/home/jurman/.nvm/versions/node/v6.17.1/bin/node',
1 verbose cli   '/home/jurman/.nvm/versions/node/v6.17.1/bin/npm',
1 verbose cli   'run',
1 verbose cli   'build' ]
2 info using npm@3.10.10
3 info using node@v6.17.1
4 verbose run-script [ 'prebuild', 'build', 'postbuild' ]
5 info lifecycle aws-chime-client@0.1.0~prebuild: aws-chime-client@0.1.0
6 silly lifecycle aws-chime-client@0.1.0~prebuild: no script for prebuild, continuing
7 info lifecycle aws-chime-client@0.1.0~build: aws-chime-client@0.1.0
8 verbose lifecycle aws-chime-client@0.1.0~build: unsafe-perm in lifecycle true
9 verbose lifecycle aws-chime-client@0.1.0~build: PATH: /home/jurman/.nvm/versions/node/v6.17.1/lib/node_modules/npm/bin/node-gyp-bin:/home/jurman/workspace-html/aws-chime-webclient/node_modules/.bin:/home/jurman/.nvm/versions/node/v6.17.1/bin:/home/jurman/bin:/home/jurman/bin:/usr/local/sbin:/usr/local/bin:/usr/sbin:/usr/bin:/sbin:/bin:/usr/games:/usr/local/games:/usr/local/share/apache-maven-3.5.0/bin:/snap/bin:/usr/lib/jvm/java-8-oracle/bin:/usr/lib/jvm/java-8-oracle/db/bin:/usr/lib/jvm/java-8-oracle/jre/bin:/home/jurman/bin:/usr/local/share/apache-maven-3.5.0/bin/:/home/linuxbrew/.linuxbrew/bin
10 verbose lifecycle aws-chime-client@0.1.0~build: CWD: /home/jurman/workspace-html/aws-chime-webclient
11 silly lifecycle aws-chime-client@0.1.0~build: Args: [ '-c', 'webpack' ]
12 silly lifecycle aws-chime-client@0.1.0~build: Returned: code: 1  signal: null
13 info lifecycle aws-chime-client@0.1.0~build: Failed to exec build script
14 verbose stack Error: aws-chime-client@0.1.0 build: `webpack`
14 verbose stack Exit status 1
14 verbose stack     at EventEmitter.<anonymous> (/home/jurman/.nvm/versions/node/v6.17.1/lib/node_modules/npm/lib/utils/lifecycle.js:255:16)
14 verbose stack     at emitTwo (events.js:106:13)
14 verbose stack     at EventEmitter.emit (events.js:191:7)
14 verbose stack     at ChildProcess.<anonymous> (/home/jurman/.nvm/versions/node/v6.17.1/lib/node_modules/npm/lib/utils/spawn.js:40:14)
14 verbose stack     at emitTwo (events.js:106:13)
14 verbose stack     at ChildProcess.emit (events.js:191:7)
14 verbose stack     at maybeClose (internal/child_process.js:920:16)
14 verbose stack     at Process.ChildProcess._handle.onexit (internal/child_process.js:230:5)
15 verbose pkgid aws-chime-client@0.1.0
16 verbose cwd /home/jurman/workspace-html/aws-chime-webclient
17 error Linux 4.4.0-203-generic
18 error argv "/home/jurman/.nvm/versions/node/v6.17.1/bin/node" "/home/jurman/.nvm/versions/node/v6.17.1/bin/npm" "run" "build"
19 error node v6.17.1
20 error npm  v3.10.10
21 error code ELIFECYCLE
22 error aws-chime-client@0.1.0 build: `webpack`
22 error Exit status 1
23 error Failed at the aws-chime-client@0.1.0 build script 'webpack'.
23 error Make sure you have the latest version of node.js and npm installed.
23 error If you do, this is most likely a problem with the aws-chime-client package,
23 error not with npm itself.
23 error Tell the author that this fails on your system:
23 error     webpack
23 error You can get information on how to open an issue for this project with:
23 error     npm bugs aws-chime-client
23 error Or if that isn't available, you can get their info via:
23 error     npm owner ls aws-chime-client
23 error There is likely additional logging output above.
24 verbose exit [ 1, true ]
